TN:
SF:src/app.ts
FN:13,createApp
FNF:1
FNH:1
FNDA:98,createApp
DA:1,1
DA:2,1
DA:3,1
DA:5,1
DA:6,1
DA:7,1
DA:8,1
DA:9,1
DA:10,1
DA:11,1
DA:13,1
DA:14,98
DA:16,98
DA:17,98
DA:19,98
DA:20,98
DA:21,98
DA:22,98
DA:23,98
DA:24,98
DA:25,98
DA:27,98
DA:28,3
DA:29,98
DA:30,98
DA:31,1
DA:32,98
DA:33,98
DA:34,4
DA:35,4
DA:36,4
DA:37,1
DA:38,1
DA:39,1
DA:40,1
DA:41,1
DA:42,1
DA:43,1
DA:44,1
DA:45,1
DA:46,1
DA:47,1
DA:48,1
DA:49,1
DA:50,1
DA:51,1
DA:52,4
DA:53,2
DA:54,2
DA:55,2
DA:56,2
DA:57,2
DA:58,2
DA:59,98
DA:61,98
DA:62,98
DA:63,98
DA:64,98
DA:65,98
DA:66,98
DA:68,98
DA:70,98
DA:71,98
LF:63
LH:63
BRDA:13,0,0,98
BRDA:17,1,0,0
BRDA:17,2,0,99
BRDA:27,3,0,3
BRDA:30,4,0,1
BRDA:33,5,0,4
BRDA:35,6,0,2
BRDA:36,7,0,1
BRDA:52,8,0,2
BRDA:56,9,0,1
BRDA:56,10,0,1
BRF:11
BRH:10
end_of_record
TN:
SF:src/lib/jwt.ts
FN:13,signAccessToken
FN:18,verifyAccessToken
FNF:2
FNH:2
FNDA:78,signAccessToken
FNDA:83,verifyAccessToken
DA:1,1
DA:5,1
DA:13,1
DA:14,78
DA:15,78
DA:16,78
DA:18,1
DA:19,83
DA:20,83
DA:21,1
DA:22,1
DA:23,77
DA:24,83
DA:25,1
DA:26,1
DA:27,76
DA:28,76
LF:17
LH:17
BRDA:5,0,0,0
BRDA:13,1,0,78
BRDA:18,2,0,83
BRDA:20,3,0,77
BRDA:20,4,0,1
BRDA:22,5,0,77
BRDA:24,6,0,77
BRDA:24,7,0,20
BRDA:24,8,0,1
BRDA:26,9,0,76
BRF:10
BRH:9
end_of_record
TN:
SF:src/lib/password.ts
FN:3,hashPassword
FN:7,verifyPassword
FNF:2
FNH:2
FNDA:1,hashPassword
FNDA:2,verifyPassword
DA:1,1
DA:3,1
DA:4,1
DA:5,1
DA:7,2
DA:8,2
DA:9,2
LF:7
LH:7
BRDA:3,0,0,1
BRDA:7,1,0,2
BRF:2
BRH:2
end_of_record
TN:
SF:src/lib/prisma.ts
FNF:0
FNH:0
DA:1,1
DA:3,1
LF:2
LH:2
BRF:0
BRH:0
end_of_record
TN:
SF:src/middleware/auth.ts
FN:6,requireAuth
FN:36,requireAdmin
FNF:2
FNH:2
FNDA:78,requireAuth
FNDA:21,requireAdmin
DA:2,1
DA:3,1
DA:6,1
DA:7,78
DA:8,78
DA:9,5
DA:10,5
DA:11,5
DA:12,73
DA:13,73
DA:14,73
DA:15,73
DA:16,78
DA:17,1
DA:18,1
DA:19,1
DA:20,72
DA:21,72
DA:22,72
DA:23,72
DA:24,72
DA:25,78
DA:26,1
DA:27,1
DA:28,1
DA:29,70
DA:30,70
DA:31,73
DA:32,1
DA:33,1
DA:34,78
DA:36,1
DA:37,21
DA:38,1
DA:39,1
DA:40,1
DA:41,21
DA:42,2
DA:43,2
DA:44,2
DA:45,18
DA:46,18
LF:42
LH:42
BRDA:6,0,0,78
BRDA:8,1,0,74
BRDA:8,2,0,5
BRDA:11,3,0,73
BRDA:16,4,0,1
BRDA:19,5,0,75
BRDA:19,6,0,72
BRDA:24,7,0,71
BRDA:25,8,0,73
BRDA:25,9,0,1
BRDA:28,10,0,70
BRDA:31,11,0,1
BRDA:36,12,0,21
BRDA:37,13,0,1
BRDA:40,14,0,20
BRDA:41,15,0,19
BRDA:41,16,0,2
BRDA:44,17,0,18
BRF:18
BRH:18
end_of_record
TN:
SF:src/middleware/errorHandler.ts
FN:4,errorHandler
FNF:1
FNH:1
FNDA:27,errorHandler
DA:2,1
DA:4,1
DA:5,27
DA:6,27
DA:7,11
DA:8,11
DA:9,11
DA:10,13
DA:11,13
DA:12,11
DA:13,11
DA:14,11
DA:15,11
DA:16,27
DA:17,27
DA:18,27
DA:19,27
LF:17
LH:17
BRDA:4,0,0,27
BRDA:6,1,0,25
BRDA:6,2,0,11
BRDA:15,3,0,16
BRDA:16,4,0,1
BRDA:16,5,0,15
BRDA:17,6,0,15
BRDA:17,7,0,1
BRDA:17,8,0,0
BRDA:9,9,0,13
BRF:10
BRH:9
end_of_record
TN:
SF:src/routes/admin.ts
FNF:0
FNH:0
DA:1,1
DA:2,1
DA:3,1
DA:4,1
DA:5,1
DA:7,1
DA:9,1
DA:11,1
DA:12,4
DA:13,4
DA:14,4
DA:15,4
DA:16,4
DA:17,4
DA:18,4
DA:20,4
DA:21,4
DA:23,4
DA:24,4
DA:25,4
DA:26,4
DA:27,4
DA:28,4
DA:29,4
DA:30,4
DA:31,4
DA:32,4
DA:33,4
DA:34,4
DA:36,2
DA:37,2
DA:38,2
DA:39,2
DA:40,2
DA:41,1
DA:42,1
DA:43,1
DA:44,1
DA:45,1
DA:46,1
DA:47,1
DA:48,1
DA:49,2
DA:50,2
DA:51,2
DA:52,2
DA:53,2
DA:54,4
DA:56,1
DA:57,2
DA:58,2
DA:59,2
DA:60,2
DA:61,2
DA:62,2
DA:63,2
DA:64,2
DA:66,2
DA:67,2
DA:68,2
DA:69,2
DA:71,2
DA:72,2
DA:73,1
DA:74,1
DA:75,1
DA:76,1
DA:77,1
DA:78,2
DA:79,2
DA:80,2
DA:81,2
DA:82,2
DA:83,2
DA:84,2
DA:85,2
DA:86,2
DA:87,2
DA:88,2
DA:89,2
DA:90,2
DA:91,2
DA:92,0
DA:93,0
DA:94,2
DA:96,1
DA:97,5
DA:98,5
DA:99,5
DA:100,5
DA:101,5
DA:102,5
DA:103,5
DA:105,5
DA:106,5
DA:107,5
DA:108,5
DA:109,5
DA:110,2
DA:111,2
DA:112,2
DA:114,3
DA:115,5
DA:116,1
DA:117,1
DA:118,1
DA:120,2
DA:121,2
DA:122,2
DA:123,2
DA:125,2
DA:126,2
DA:127,2
DA:128,2
DA:129,2
DA:130,2
DA:131,2
DA:132,2
DA:134,5
DA:135,1
DA:136,1
DA:137,1
DA:138,1
DA:139,1
DA:140,1
DA:141,1
DA:142,1
DA:143,1
DA:144,1
DA:146,5
DA:147,1
DA:148,1
DA:149,1
DA:150,1
DA:151,1
DA:152,1
DA:153,1
DA:154,1
DA:155,1
DA:156,1
DA:157,1
DA:159,2
DA:160,2
DA:161,2
DA:162,2
DA:163,2
DA:164,2
DA:165,2
DA:166,5
DA:167,0
DA:168,0
DA:169,5
DA:171,1
DA:172,2
DA:173,2
DA:174,2
DA:175,2
DA:176,2
DA:177,2
DA:178,2
DA:179,1
DA:180,1
DA:181,1
DA:182,1
DA:183,1
DA:184,1
DA:185,1
DA:186,1
DA:187,1
DA:188,2
DA:190,1
DA:191,4
DA:192,4
DA:193,4
DA:194,4
DA:195,4
DA:196,4
DA:197,4
DA:198,4
DA:199,4
DA:200,4
DA:201,1
DA:202,1
DA:203,1
DA:204,1
DA:205,1
DA:206,1
DA:207,2
DA:209,4
DA:210,4
DA:211,4
DA:212,4
DA:213,4
DA:214,4
DA:215,4
DA:216,4
DA:217,4
DA:218,4
DA:219,4
DA:220,4
DA:221,4
DA:222,4
DA:223,4
DA:224,4
DA:225,4
DA:226,4
DA:227,4
DA:228,4
DA:229,4
DA:230,4
DA:232,3
DA:233,3
DA:234,3
DA:235,3
DA:236,3
DA:237,3
DA:238,3
DA:239,3
DA:240,3
DA:241,3
DA:242,3
DA:243,3
DA:244,3
DA:245,3
DA:246,4
DA:247,1
DA:248,1
DA:249,4
LF:228
LH:224
BRDA:11,0,0,4
BRDA:20,1,0,1
BRDA:20,2,0,2
BRDA:34,3,0,2
BRDA:40,4,0,1
BRDA:56,5,0,2
BRDA:72,6,0,1
BRDA:76,7,0,1
BRDA:91,8,0,0
BRDA:78,9,0,2
BRDA:82,10,0,2
BRDA:96,11,0,5
BRDA:109,12,0,4
BRDA:109,13,0,2
BRDA:112,14,0,3
BRDA:115,15,0,1
BRDA:118,16,0,2
BRDA:134,17,0,1
BRDA:144,18,0,2
BRDA:146,19,0,1
BRDA:157,20,0,2
BRDA:166,21,0,0
BRDA:114,22,0,3
BRDA:171,23,0,2
BRDA:178,24,0,1
BRDA:190,25,0,4
BRDA:200,26,0,2
BRDA:200,27,0,1
BRDA:206,28,0,2
BRDA:230,29,0,3
BRDA:246,30,0,1
BRDA:236,31,0,3
BRF:32
BRH:30
end_of_record
TN:
SF:src/routes/ai.ts
FNF:0
FNH:0
DA:1,1
DA:2,1
DA:3,1
DA:4,1
DA:5,1
DA:6,1
DA:11,1
DA:12,1
DA:13,1
DA:15,1
DA:17,1
DA:19,1
DA:20,3
DA:21,3
DA:22,3
DA:23,3
DA:24,3
DA:25,3
DA:27,3
DA:28,3
DA:29,3
DA:31,3
DA:33,1
DA:34,1
DA:35,1
DA:36,1
DA:37,1
DA:38,1
DA:39,1
DA:40,1
DA:41,1
DA:42,1
DA:43,1
DA:45,1
DA:46,3
DA:47,2
DA:48,2
DA:49,3
DA:51,1
DA:52,4
DA:53,4
DA:55,4
DA:56,4
DA:57,4
DA:58,4
DA:59,4
DA:60,4
DA:61,4
DA:62,4
DA:63,4
DA:64,4
DA:65,4
DA:66,4
DA:67,4
DA:68,4
DA:70,4
DA:71,4
DA:72,4
DA:73,4
DA:75,4
DA:76,4
DA:77,4
DA:78,3
DA:79,4
DA:80,4
DA:81,4
DA:83,4
DA:84,4
DA:85,4
DA:87,3
DA:88,3
DA:89,3
DA:90,3
DA:91,3
DA:92,3
DA:93,3
DA:94,3
DA:95,3
DA:96,3
DA:98,3
DA:99,4
DA:100,1
DA:101,1
DA:102,4
DA:104,1
DA:105,2
DA:106,2
DA:107,1
DA:108,1
DA:109,1
DA:110,1
DA:111,1
DA:112,1
DA:113,1
DA:114,1
DA:115,2
DA:117,1
DA:118,2
DA:119,2
DA:120,2
DA:121,2
DA:122,2
DA:123,2
DA:124,2
DA:125,2
DA:126,2
DA:127,2
DA:128,2
DA:129,2
DA:130,2
DA:131,2
DA:133,2
DA:134,1
DA:136,1
DA:137,1
DA:138,1
DA:139,1
DA:140,1
DA:141,1
DA:143,1
DA:144,1
DA:145,1
DA:146,1
DA:147,1
DA:148,1
DA:149,1
DA:150,2
DA:151,2
DA:152,2
DA:153,2
DA:154,2
DA:155,1
DA:156,1
DA:157,1
DA:158,2
LF:135
LH:135
BRDA:19,0,0,3
BRDA:29,1,0,1
BRDA:31,2,0,0
BRDA:31,3,0,1
BRDA:46,4,0,2
BRDA:51,5,0,4
BRDA:76,6,0,3
BRDA:76,7,0,1
BRDA:84,8,0,0
BRDA:85,9,0,3
BRDA:99,10,0,1
BRDA:77,11,0,3
BRDA:78,12,0,3
BRDA:80,13,0,1
BRDA:104,14,0,2
BRDA:106,15,0,1
BRDA:117,16,0,2
BRDA:133,17,0,1
BRDA:150,18,0,0
BRDA:154,19,0,1
BRF:20
BRH:17
end_of_record
TN:
SF:src/routes/auth.ts
FNF:0
FNH:0
DA:1,1
DA:2,1
DA:3,1
DA:4,1
DA:5,1
DA:6,1
DA:8,1
DA:10,1
DA:11,4
DA:12,4
DA:13,4
DA:14,4
DA:15,4
DA:16,4
DA:17,4
DA:19,4
DA:20,4
DA:21,1
DA:22,1
DA:23,1
DA:25,2
DA:26,2
DA:27,2
DA:28,2
DA:29,2
DA:30,2
DA:31,2
DA:32,2
DA:34,1
DA:35,1
DA:36,1
DA:37,4
DA:38,4
DA:39,4
DA:40,4
DA:41,4
DA:43,1
DA:44,1
DA:45,1
DA:46,1
DA:47,1
DA:49,1
DA:50,1
DA:51,1
DA:52,1
DA:53,1
DA:54,1
DA:56,1
DA:57,1
DA:58,1
DA:59,1
DA:60,1
DA:61,1
DA:62,1
DA:63,1
DA:64,1
DA:65,4
DA:66,2
DA:67,2
DA:68,4
DA:70,1
DA:71,3
DA:72,3
DA:73,3
DA:74,3
DA:75,3
DA:76,3
DA:78,3
DA:79,3
DA:80,1
DA:81,1
DA:82,1
DA:84,1
DA:85,1
DA:86,1
DA:87,1
DA:88,1
DA:90,1
DA:91,1
DA:92,1
DA:93,1
DA:94,1
DA:95,1
DA:97,1
DA:98,1
DA:99,1
DA:100,1
DA:101,1
DA:102,1
DA:103,1
DA:104,1
DA:105,1
DA:106,1
DA:107,1
DA:108,1
DA:109,3
DA:111,1
DA:112,3
DA:113,3
DA:114,3
DA:115,2
DA:116,2
DA:117,2
DA:118,2
DA:119,2
DA:120,2
DA:121,2
DA:122,2
DA:123,2
DA:124,2
DA:125,1
DA:127,1
DA:128,2
DA:129,3
DA:130,3
DA:131,0
DA:132,0
DA:133,3
LF:118
LH:116
BRDA:10,0,0,4
BRDA:19,1,0,3
BRDA:20,2,0,1
BRDA:23,3,0,2
BRDA:32,4,0,1
BRDA:37,5,0,0
BRDA:41,6,0,1
BRDA:65,7,0,2
BRDA:70,8,0,3
BRDA:78,9,0,2
BRDA:79,10,0,1
BRDA:111,11,0,3
BRDA:114,12,0,2
BRDA:114,13,0,2
BRDA:124,14,0,1
BRDA:130,15,0,0
BRF:16
BRH:14
end_of_record
TN:
SF:src/routes/me.ts
FNF:0
FNH:0
DA:1,1
DA:2,1
DA:3,1
DA:4,1
DA:5,1
DA:6,1
DA:8,1
DA:10,1
DA:11,4
DA:12,4
DA:13,4
DA:14,4
DA:15,4
DA:16,4
DA:17,4
DA:18,4
DA:19,4
DA:20,4
DA:21,4
DA:22,4
DA:23,4
DA:24,4
DA:25,4
DA:26,4
DA:27,4
DA:28,4
DA:29,4
DA:30,2
DA:31,2
DA:32,2
DA:33,2
DA:34,2
DA:35,2
DA:36,2
DA:37,2
DA:38,1
DA:39,1
DA:40,1
DA:41,1
DA:42,1
DA:43,1
DA:44,1
DA:45,1
DA:46,1
DA:47,1
DA:48,1
DA:49,1
DA:50,1
DA:51,1
DA:52,1
DA:53,1
DA:54,1
DA:55,1
DA:56,2
DA:57,2
DA:58,4
DA:59,0
DA:60,0
DA:61,4
DA:63,1
DA:64,1
DA:66,1
DA:67,2
DA:68,2
DA:69,2
DA:70,2
DA:71,2
DA:72,2
DA:73,2
DA:74,2
DA:75,2
DA:76,2
DA:77,2
DA:78,2
DA:79,2
DA:80,2
DA:81,2
DA:82,2
DA:83,2
DA:84,2
DA:86,2
DA:87,1
DA:88,1
DA:89,1
DA:90,1
DA:91,1
DA:92,1
DA:93,1
DA:94,1
DA:95,1
DA:96,1
DA:97,1
DA:98,1
DA:99,1
DA:100,1
DA:101,1
DA:102,1
DA:103,1
DA:104,1
DA:105,1
DA:106,1
DA:107,1
DA:109,2
DA:110,2
DA:111,2
DA:112,2
DA:113,2
DA:114,2
DA:115,1
DA:116,1
DA:117,1
DA:118,1
DA:119,1
DA:120,1
DA:121,1
DA:122,1
DA:123,1
DA:124,1
DA:125,1
DA:126,1
DA:127,1
DA:128,1
DA:129,1
DA:130,1
DA:131,1
DA:132,1
DA:133,2
DA:134,2
DA:135,2
DA:136,0
DA:137,0
DA:138,2
DA:140,1
DA:141,3
DA:142,3
DA:143,3
DA:144,3
DA:145,3
DA:146,3
DA:147,3
DA:149,3
DA:150,3
DA:151,1
DA:152,1
DA:153,1
DA:154,1
DA:155,1
DA:156,1
DA:157,1
DA:158,1
DA:159,1
DA:161,3
DA:162,3
DA:163,3
DA:164,3
DA:165,3
DA:166,3
DA:167,3
DA:168,3
DA:169,3
DA:170,1
DA:171,1
DA:172,1
DA:174,2
DA:175,2
DA:176,2
DA:177,2
DA:178,2
DA:179,2
DA:180,2
DA:182,2
DA:183,3
DA:184,0
DA:185,0
DA:186,3
DA:188,1
DA:189,3
DA:190,3
DA:191,3
DA:192,3
DA:193,3
DA:194,1
DA:195,1
DA:196,1
DA:197,1
DA:198,1
DA:199,1
DA:201,1
DA:202,1
DA:203,1
DA:204,1
DA:205,1
DA:206,1
DA:207,1
DA:209,1
DA:210,1
DA:211,1
DA:212,1
DA:213,3
DA:215,1
DA:216,4
DA:217,4
DA:218,4
DA:219,4
DA:220,4
DA:221,4
DA:222,4
DA:224,4
DA:225,4
DA:226,1
DA:227,1
DA:228,1
DA:229,1
DA:230,1
DA:231,1
DA:232,1
DA:233,1
DA:234,4
DA:235,3
DA:236,3
DA:237,3
DA:238,3
DA:239,3
DA:240,3
DA:241,3
DA:242,2
DA:244,3
DA:245,3
DA:246,3
DA:247,3
DA:248,3
DA:249,3
DA:250,4
DA:251,1
DA:252,1
DA:253,4
DA:255,1
DA:256,1
DA:257,1
DA:258,1
DA:259,1
DA:260,0
DA:261,0
DA:262,1
DA:264,1
DA:265,2
DA:266,2
DA:267,2
DA:269,2
DA:270,2
DA:271,1
DA:272,1
DA:273,1
DA:275,1
DA:276,1
DA:277,1
DA:278,1
DA:279,1
DA:280,1
DA:281,1
DA:282,1
DA:283,1
DA:284,1
DA:285,1
DA:287,1
DA:288,1
DA:289,1
DA:290,1
DA:291,1
DA:292,1
DA:293,1
DA:295,1
DA:296,2
DA:297,0
DA:298,0
DA:299,2
DA:301,1
DA:302,3
DA:303,3
DA:304,3
DA:305,3
DA:306,3
DA:307,3
DA:308,3
DA:310,3
DA:311,3
DA:312,3
DA:313,3
DA:314,3
DA:315,3
DA:316,3
DA:317,3
DA:318,1
DA:319,1
DA:320,1
DA:321,1
DA:323,1
DA:324,1
DA:325,1
DA:326,1
DA:327,1
DA:328,1
DA:329,1
DA:331,1
DA:332,1
DA:333,1
DA:334,1
DA:335,3
DA:337,1
DA:338,3
DA:339,3
DA:340,3
DA:341,3
DA:342,3
DA:343,3
DA:344,3
DA:345,3
DA:347,3
DA:348,3
DA:349,3
DA:350,3
DA:351,3
DA:352,3
DA:353,3
DA:354,3
DA:355,3
DA:357,1
DA:358,1
DA:359,1
DA:360,1
DA:361,1
DA:362,1
DA:363,1
DA:364,1
DA:365,1
DA:366,1
DA:367,1
DA:368,1
DA:369,1
DA:370,1
DA:371,3
DA:372,2
DA:373,2
DA:374,3
LF:344
LH:334
BRDA:10,0,0,4
BRDA:29,1,0,3
BRDA:29,2,0,2
BRDA:58,3,0,0
BRDA:37,4,0,1
BRDA:48,5,0,1
BRDA:49,6,0,1
BRDA:66,7,0,2
BRDA:86,8,0,1
BRDA:135,9,0,0
BRDA:114,10,0,1
BRDA:125,11,0,2
BRDA:126,12,0,1
BRDA:140,13,0,3
BRDA:150,14,0,1
BRDA:168,15,0,2
BRDA:169,16,0,1
BRDA:172,17,0,2
BRDA:183,18,0,0
BRDA:188,19,0,3
BRDA:192,20,0,2
BRDA:193,21,0,1
BRDA:215,22,0,4
BRDA:225,23,0,1
BRDA:230,24,0,0
BRDA:234,25,0,3
BRDA:238,26,0,1
BRDA:239,27,0,2
BRDA:241,28,0,2
BRDA:250,29,0,1
BRDA:255,30,0,1
BRDA:259,31,0,0
BRDA:264,32,0,2
BRDA:270,33,0,1
BRDA:296,34,0,0
BRDA:275,35,0,1
BRDA:301,36,0,3
BRDA:317,37,0,1
BRDA:337,38,0,3
BRDA:355,39,0,1
BRDA:371,40,0,2
BRDA:361,41,0,1
BRF:42
BRH:36
end_of_record
TN:
SF:src/routes/movies.ts
FNF:0
FNH:0
DA:3,1
DA:4,1
DA:5,1
DA:6,1
DA:7,1
DA:8,1
DA:9,1
DA:10,1
DA:11,1
DA:12,1
DA:13,1
DA:15,1
DA:18,1
DA:19,3
DA:20,3
DA:21,3
DA:22,3
DA:23,3
DA:24,3
DA:26,3
DA:27,3
DA:28,3
DA:29,2
DA:30,2
DA:31,2
DA:32,2
DA:33,2
DA:34,1
DA:35,1
DA:36,2
DA:38,3
DA:40,3
DA:41,1
DA:42,1
DA:43,1
DA:44,1
DA:45,1
DA:46,1
DA:47,1
DA:48,1
DA:50,3
DA:51,3
DA:52,0
DA:53,0
DA:54,3
DA:57,1
DA:58,1
DA:59,1
DA:60,1
DA:61,1
DA:62,1
DA:63,1
DA:64,1
DA:66,1
DA:67,1
DA:68,1
DA:69,0
DA:70,0
DA:71,1
DA:73,1
DA:74,2
DA:75,2
DA:76,2
DA:77,2
DA:78,2
DA:79,2
DA:80,2
DA:82,2
DA:83,2
DA:84,2
DA:85,2
DA:86,2
DA:87,2
DA:88,2
DA:89,2
DA:90,1
DA:91,1
DA:92,2
DA:94,2
DA:96,2
DA:97,1
DA:98,1
DA:99,1
DA:100,1
DA:101,1
DA:102,1
DA:103,1
DA:104,1
DA:106,2
DA:107,2
DA:108,0
DA:109,0
DA:110,2
DA:113,1
DA:114,4
DA:115,4
DA:116,4
DA:117,4
DA:118,4
DA:119,4
DA:120,4
DA:121,4
DA:122,4
DA:123,4
DA:125,4
DA:126,4
DA:127,4
DA:128,3
DA:129,3
DA:130,3
DA:131,3
DA:132,3
DA:133,1
DA:134,1
DA:135,3
DA:137,4
DA:138,4
DA:139,4
DA:140,4
DA:141,4
DA:142,4
DA:143,4
DA:144,4
DA:146,4
DA:147,4
DA:148,2
DA:149,2
DA:150,2
DA:151,2
DA:152,2
DA:153,2
DA:155,4
DA:156,4
DA:157,1
DA:158,1
DA:159,1
DA:160,1
DA:161,1
DA:162,1
DA:163,1
DA:164,1
DA:165,1
DA:166,1
DA:167,1
DA:168,1
DA:169,1
DA:170,1
DA:171,1
DA:172,1
DA:174,4
DA:175,4
DA:176,0
DA:177,0
DA:178,4
DA:180,1
DA:181,1
DA:182,1
DA:183,1
DA:184,1
DA:185,0
DA:186,0
DA:187,1
DA:189,1
DA:190,1
DA:191,1
DA:192,1
DA:193,1
DA:194,1
DA:195,1
DA:196,1
DA:197,1
DA:198,1
DA:199,1
DA:200,1
DA:201,1
DA:202,1
DA:203,1
DA:204,1
DA:205,1
DA:206,1
DA:207,0
DA:208,0
DA:209,1
DA:211,1
DA:212,1
DA:213,1
DA:214,1
DA:215,1
DA:216,1
DA:217,1
DA:219,1
DA:220,0
DA:221,1
DA:222,1
DA:223,1
DA:224,1
DA:227,1
DA:228,2
DA:229,2
DA:230,2
DA:231,2
DA:232,2
DA:233,2
DA:234,2
DA:235,2
DA:236,2
DA:237,2
DA:239,2
DA:241,1
DA:242,1
DA:243,1
DA:244,1
DA:245,1
DA:246,1
DA:247,1
DA:248,1
DA:249,1
DA:250,1
DA:251,1
DA:253,1
DA:254,1
DA:255,1
DA:257,2
DA:258,2
DA:259,1
DA:260,1
DA:261,2
DA:263,1
DA:264,3
DA:265,3
DA:266,3
DA:267,3
DA:268,3
DA:269,3
DA:271,3
DA:273,2
DA:274,2
DA:275,2
DA:276,2
DA:277,2
DA:278,2
DA:279,2
DA:280,2
DA:281,2
DA:282,2
DA:283,2
DA:284,2
DA:286,2
DA:287,2
DA:288,2
DA:290,2
DA:292,3
DA:293,3
DA:294,1
DA:295,1
DA:296,3
DA:298,1
DA:299,3
DA:300,3
DA:301,3
DA:302,3
DA:303,3
DA:304,2
DA:305,2
DA:306,2
DA:307,2
DA:308,2
DA:309,2
DA:310,2
DA:311,1
DA:312,3
DA:313,3
DA:314,3
DA:316,2
DA:317,2
DA:318,2
DA:319,3
DA:320,1
DA:321,1
DA:322,3
DA:324,1
DA:325,5
DA:326,5
DA:327,5
DA:328,5
DA:329,5
DA:330,5
DA:331,5
DA:332,5
DA:333,5
DA:334,5
DA:335,5
DA:337,5
DA:339,5
DA:340,5
DA:341,5
DA:342,1
DA:343,1
DA:344,1
DA:345,1
DA:346,1
DA:347,1
DA:348,1
DA:349,1
DA:350,5
DA:351,1
DA:352,1
DA:353,1
DA:354,1
DA:355,1
DA:356,1
DA:357,1
DA:358,1
DA:359,5
DA:360,1
DA:361,1
DA:362,1
DA:363,1
DA:364,1
DA:365,1
DA:366,1
DA:367,1
DA:368,1
DA:369,1
DA:371,5
DA:372,5
DA:373,1
DA:374,5
DA:375,3
DA:376,4
DA:377,1
DA:378,1
DA:380,5
DA:381,5
DA:382,5
DA:383,5
DA:384,5
DA:385,5
DA:386,5
DA:387,5
DA:388,5
DA:389,5
DA:390,5
DA:391,5
DA:392,5
DA:393,5
DA:394,5
DA:396,5
DA:397,3
DA:398,3
DA:399,3
DA:400,3
DA:401,3
DA:402,3
DA:403,3
DA:404,3
DA:406,4
DA:408,4
DA:409,4
DA:410,4
DA:411,4
DA:412,4
DA:413,4
DA:414,4
DA:415,4
DA:416,4
DA:417,4
DA:418,4
DA:419,4
DA:420,4
DA:421,4
DA:422,4
DA:423,4
DA:424,4
DA:425,4
DA:426,4
DA:427,4
DA:428,4
DA:429,4
DA:430,4
DA:431,5
DA:432,1
DA:433,1
DA:434,5
DA:436,1
DA:437,6
DA:438,6
DA:439,6
DA:441,6
DA:442,6
DA:443,6
DA:444,6
DA:445,6
DA:446,6
DA:447,6
DA:448,6
DA:449,6
DA:450,6
DA:451,1
DA:452,1
DA:453,1
DA:455,3
DA:456,6
DA:457,1
DA:458,1
DA:459,1
DA:461,2
DA:462,2
DA:463,2
DA:464,6
DA:466,6
DA:467,6
DA:468,6
DA:469,6
DA:470,6
DA:471,6
DA:472,6
DA:473,6
DA:474,6
DA:475,6
DA:476,6
DA:477,2
DA:478,2
DA:479,6
DA:480,6
DA:481,6
DA:482,2
DA:483,2
DA:484,2
DA:485,2
DA:486,6
DA:487,6
DA:488,6
DA:489,6
DA:490,2
DA:491,2
DA:492,6
LF:437
LH:424
BRDA:18,0,0,3
BRDA:28,1,0,2
BRDA:28,2,0,2
BRDA:33,3,0,1
BRDA:40,4,0,1
BRDA:51,5,0,0
BRDA:57,6,0,1
BRDA:68,7,0,0
BRDA:73,8,0,2
BRDA:89,9,0,1
BRDA:96,10,0,1
BRDA:107,11,0,0
BRDA:113,12,0,4
BRDA:127,13,0,3
BRDA:127,14,0,3
BRDA:132,15,0,1
BRDA:147,16,0,2
BRDA:155,17,0,0
BRDA:155,18,0,2
BRDA:155,19,0,2
BRDA:155,20,0,0
BRDA:155,21,0,2
BRDA:155,22,0,0
BRDA:156,23,0,2
BRDA:156,24,0,1
BRDA:161,25,0,0
BRDA:175,26,0,0
BRDA:149,27,0,2
BRDA:180,28,0,1
BRDA:184,29,0,0
BRDA:189,30,0,1
BRDA:206,31,0,0
BRDA:211,32,0,1
BRDA:219,33,0,0
BRDA:227,34,0,2
BRDA:239,35,0,1
BRDA:257,36,0,0
BRDA:258,37,0,1
BRDA:263,38,0,3
BRDA:271,39,0,2
BRDA:292,40,0,1
BRDA:292,41,0,1
BRDA:293,42,0,1
BRDA:298,43,0,3
BRDA:303,44,0,2
BRDA:310,45,0,1
BRDA:314,46,0,2
BRDA:319,47,0,1
BRDA:317,48,0,4
BRDA:324,49,0,5
BRDA:340,50,0,4
BRDA:341,51,0,1
BRDA:350,52,0,1
BRDA:359,53,0,1
BRDA:372,54,0,1
BRDA:373,55,0,0
BRDA:374,56,0,4
BRDA:374,57,0,3
BRDA:376,58,0,1
BRDA:394,59,0,4
BRDA:396,60,0,3
BRDA:396,61,0,3
BRDA:396,62,0,3
BRDA:396,63,0,3
BRDA:401,64,0,0
BRDA:404,65,0,4
BRDA:431,66,0,1
BRDA:413,67,0,4
BRDA:421,68,0,4
BRDA:422,69,0,4
BRDA:423,70,0,4
BRDA:436,71,0,6
BRDA:449,72,0,4
BRDA:450,73,0,1
BRDA:453,74,0,3
BRDA:456,75,0,1
BRDA:459,76,0,2
BRDA:464,77,0,1
BRDA:464,78,0,1
BRDA:489,79,0,2
BRDA:475,80,0,2
BRDA:476,81,0,2
BRDA:480,82,0,2
BRDA:481,83,0,2
BRF:84
BRH:70
end_of_record
TN:
SF:src/services/auditLog.ts
FN:4,writeAuditLog
FNF:1
FNH:1
FNDA:2,writeAuditLog
DA:2,1
DA:4,2
DA:11,2
DA:12,2
DA:13,2
DA:14,2
DA:15,2
DA:16,2
DA:17,2
DA:18,2
DA:19,2
DA:20,2
DA:21,2
DA:22,2
LF:14
LH:14
BRDA:4,0,0,2
BRDA:17,1,0,1
BRDA:18,2,0,1
BRDA:19,3,0,1
BRF:4
BRH:4
end_of_record
TN:
SF:src/services/llm.ts
FN:15,getActiveLlmConfig
FN:29,providerKeyEnvName
FN:35,getActiveLlmReadiness
FN:56,canUseMockFallback
FN:60,buildLiveLlmRequiredError
FN:70,parseJsonFromLlmText
FN:106,normalizeTitleForMatch
FN:120,findCatalogMatch
FN:156,normalizeRecommendationsFromParse
FN:175,callOpenAiChat
FN:205,callGroqChat
FN:229,chatCompletionActiveModel
FN:243,mockNlSearch
FN:247,mockRecommendations
FN:254,runNlSearchWithActiveLlm
FN:296,runRecommendationsWithActiveLlm
FNF:16
FNH:16
FNDA:16,getActiveLlmConfig
FNDA:4,providerKeyEnvName
FNDA:4,getActiveLlmReadiness
FNDA:7,canUseMockFallback
FNDA:3,buildLiveLlmRequiredError
FNDA:19,parseJsonFromLlmText
FNDA:207,normalizeTitleForMatch
FNDA:3,findCatalogMatch
FNDA:16,normalizeRecommendationsFromParse
FNDA:5,callOpenAiChat
FNDA:6,callGroqChat
FNDA:9,chatCompletionActiveModel
FNDA:2,mockNlSearch
FNDA:2,mockRecommendations
FNDA:5,runNlSearchWithActiveLlm
FNDA:5,runRecommendationsWithActiveLlm
DA:1,1
DA:3,1
DA:15,16
DA:16,16
DA:17,16
DA:18,16
DA:19,16
DA:20,16
DA:21,16
DA:22,16
DA:23,16
DA:24,16
DA:25,16
DA:26,16
DA:27,16
DA:29,4
DA:30,4
DA:31,4
DA:32,1
DA:33,1
DA:35,4
DA:36,4
DA:37,4
DA:38,4
DA:39,1
DA:40,1
DA:41,1
DA:42,1
DA:43,1
DA:44,1
DA:45,4
DA:46,4
DA:47,1
DA:48,1
DA:49,1
DA:50,1
DA:51,1
DA:52,1
DA:53,2
DA:54,2
DA:56,7
DA:57,7
DA:58,7
DA:60,3
DA:61,3
DA:62,3
DA:63,3
DA:64,3
DA:65,3
DA:66,3
DA:67,3
DA:70,1
DA:71,19
DA:72,19
DA:73,19
DA:74,19
DA:75,19
DA:106,1
DA:107,207
DA:108,207
DA:109,207
DA:110,207
DA:111,207
DA:112,207
DA:113,207
DA:114,207
DA:115,207
DA:120,1
DA:121,3
DA:122,3
DA:123,3
DA:124,3
DA:125,3
DA:126,3
DA:130,2
DA:131,4
DA:132,4
DA:133,4
DA:134,3
DA:135,3
DA:137,4
DA:138,4
DA:139,4
DA:140,4
DA:141,3
DA:142,0
DA:143,4
DA:145,4
DA:146,2
DA:148,2
DA:149,2
DA:150,2
DA:151,3
DA:152,3
DA:153,3
DA:156,1
DA:157,16
DA:158,16
DA:159,16
DA:161,16
DA:162,16
DA:163,132
DA:164,132
DA:165,132
DA:166,132
DA:167,132
DA:168,132
DA:169,132
DA:170,132
DA:171,132
DA:172,16
DA:173,16
DA:175,5
DA:176,5
DA:177,5
DA:178,4
DA:179,4
DA:180,4
DA:181,4
DA:182,4
DA:183,4
DA:184,4
DA:185,4
DA:186,4
DA:187,4
DA:188,4
DA:189,4
DA:190,4
DA:191,4
DA:192,4
DA:193,5
DA:194,1
DA:195,1
DA:196,1
DA:197,3
DA:200,3
DA:201,5
DA:202,2
DA:203,2
DA:205,6
DA:206,6
DA:207,6
DA:209,6
DA:211,6
DA:212,6
DA:213,6
DA:214,6
DA:215,6
DA:216,6
DA:217,6
DA:218,6
DA:219,6
DA:220,6
DA:221,6
DA:223,2
DA:224,6
DA:225,2
DA:226,2
DA:229,9
DA:230,9
DA:231,9
DA:232,9
DA:233,9
DA:234,9
DA:235,4
DA:236,4
DA:237,9
DA:238,4
DA:239,4
DA:240,1
DA:241,1
DA:243,2
DA:244,2
DA:245,2
DA:247,2
DA:248,2
DA:249,2
DA:250,2
DA:251,2
DA:252,2
DA:254,5
DA:256,5
DA:257,5
DA:258,5
DA:262,5
DA:264,5
DA:265,5
DA:266,1
DA:267,1
DA:268,1
DA:269,1
DA:270,5
DA:271,2
DA:272,1
DA:273,1
DA:274,1
DA:275,5
DA:276,1
DA:277,1
DA:279,1
DA:280,1
DA:281,1
DA:282,1
DA:283,1
DA:284,5
DA:285,2
DA:286,1
DA:287,1
DA:288,1
DA:289,1
DA:290,1
DA:291,1
DA:292,1
DA:293,1
DA:294,5
DA:296,5
DA:298,5
DA:299,5
DA:301,5
DA:302,5
DA:303,4
DA:304,4
DA:305,2
DA:306,2
DA:307,5
DA:308,0
DA:309,0
DA:310,1
DA:311,1
DA:312,1
DA:313,1
DA:314,1
DA:315,5
DA:316,2
DA:317,1
DA:318,1
DA:319,1
DA:320,1
DA:321,1
DA:322,1
DA:323,1
DA:324,1
DA:325,5
LF:243
LH:240
BRDA:15,0,0,16
BRDA:29,1,0,4
BRDA:30,2,0,1
BRDA:30,3,0,3
BRDA:31,4,0,2
BRDA:31,5,0,1
BRDA:35,6,0,4
BRDA:38,7,0,1
BRDA:44,8,0,3
BRDA:45,9,0,2
BRDA:46,10,0,1
BRDA:52,11,0,2
BRDA:56,12,0,7
BRDA:57,13,0,3
BRDA:60,14,0,3
BRDA:65,15,0,2
BRDA:70,16,0,19
BRDA:73,17,0,1
BRDA:106,18,0,207
BRDA:120,19,0,3
BRDA:126,20,0,1
BRDA:126,21,0,2
BRDA:151,22,0,1
BRDA:152,23,0,1
BRDA:152,24,0,1
BRDA:130,25,0,4
BRDA:133,26,0,1
BRDA:133,27,0,3
BRDA:134,28,0,1
BRDA:134,29,0,0
BRDA:135,30,0,0
BRDA:140,31,0,3
BRDA:141,32,0,0
BRDA:143,33,0,0
BRDA:150,34,0,4
BRDA:156,35,0,16
BRDA:157,36,0,0
BRDA:159,37,0,0
BRDA:162,38,0,132
BRDA:163,39,0,0
BRDA:164,40,0,0
BRDA:165,41,0,0
BRDA:167,42,0,120
BRDA:167,43,0,119
BRDA:167,44,0,13
BRDA:168,45,0,0
BRDA:170,46,0,2
BRDA:175,47,0,5
BRDA:177,48,0,1
BRDA:177,49,0,4
BRDA:193,50,0,1
BRDA:196,51,0,3
BRDA:201,52,0,1
BRDA:201,53,0,2
BRDA:205,54,0,6
BRDA:207,55,0,0
BRDA:221,56,0,2
BRDA:224,57,0,3
BRDA:224,58,0,0
BRDA:224,59,0,2
BRDA:229,60,0,9
BRDA:234,61,0,4
BRDA:236,62,0,5
BRDA:237,63,0,4
BRDA:239,64,0,1
BRDA:243,65,0,2
BRDA:247,66,0,2
BRDA:254,67,0,5
BRDA:265,68,0,1
BRDA:269,69,0,4
BRDA:270,70,0,2
BRDA:271,71,0,1
BRDA:275,72,0,1
BRDA:284,73,0,2
BRDA:285,74,0,1
BRDA:296,75,0,5
BRDA:302,76,0,4
BRDA:302,77,0,4
BRDA:304,78,0,2
BRDA:306,79,0,1
BRDA:307,80,0,0
BRDA:309,81,0,1
BRDA:315,82,0,2
BRDA:316,83,0,1
BRF:84
BRH:71
end_of_record
TN:
SF:src/services/movieAgentBootstrap.ts
FN:5,slicePicks
FN:9,describeShelf
FN:34,buildMovieAgentBootstrap
FNF:3
FNH:3
FNDA:6,slicePicks
FNDA:6,describeShelf
FNDA:2,buildMovieAgentBootstrap
DA:1,1
DA:3,1
DA:5,6
DA:6,6
DA:7,6
DA:9,6
DA:10,6
DA:11,3
DA:12,3
DA:13,3
DA:14,3
DA:15,3
DA:16,3
DA:17,3
DA:18,3
DA:19,3
DA:21,3
DA:34,2
DA:35,2
DA:36,2
DA:37,2
DA:38,2
DA:39,2
DA:41,2
DA:42,2
DA:43,2
DA:45,2
DA:46,2
DA:47,2
DA:48,2
DA:49,2
DA:50,2
DA:51,2
DA:53,2
DA:54,2
LF:35
LH:35
BRDA:5,0,0,6
BRDA:9,1,0,6
BRDA:10,2,0,3
BRDA:14,3,0,3
BRDA:15,4,0,1
BRDA:15,5,0,2
BRDA:16,6,0,1
BRDA:16,7,0,2
BRDA:34,8,0,2
BRF:9
BRH:9
end_of_record
TN:
SF:src/services/movieAgentChat.ts
FN:23,writeSseLine
FN:30,streamMovieAgentChat
FN:55,finalizeError
FNF:3
FNH:3
FNDA:25,writeSseLine
FNDA:12,streamMovieAgentChat
FNDA:6,finalizeError
DA:2,1
DA:7,1
DA:23,25
DA:24,25
DA:25,25
DA:30,12
DA:35,12
DA:36,12
DA:38,12
DA:40,12
DA:42,12
DA:43,12
DA:44,12
DA:45,12
DA:46,12
DA:49,12
DA:50,12
DA:51,12
DA:53,1
DA:55,12
DA:56,6
DA:57,6
DA:58,6
DA:59,6
DA:61,12
DA:62,5
DA:63,5
DA:64,1
DA:65,1
DA:66,1
DA:67,4
DA:68,4
DA:69,4
DA:70,4
DA:71,4
DA:72,4
DA:73,4
DA:74,4
DA:75,4
DA:76,4
DA:77,5
DA:78,6
DA:79,6
DA:80,6
DA:81,3
DA:82,3
DA:83,5
DA:84,1
DA:85,1
DA:86,4
DA:87,4
DA:89,12
DA:90,6
DA:91,6
DA:92,1
DA:93,1
DA:94,1
DA:95,5
DA:96,5
DA:97,5
DA:98,5
DA:99,5
DA:100,5
DA:101,5
DA:102,5
DA:103,5
DA:104,5
DA:105,5
DA:106,5
DA:107,5
DA:108,5
DA:109,5
DA:110,6
DA:111,1
DA:112,1
DA:113,1
DA:114,6
DA:115,6
DA:116,1
DA:117,1
DA:118,1
DA:119,2
DA:120,2
DA:121,6
DA:122,4
DA:123,4
DA:124,2
DA:125,2
DA:126,4
DA:127,4
DA:128,10
DA:129,10
DA:130,5
DA:131,5
DA:132,3
DA:133,3
DA:134,10
DA:135,10
DA:136,10
DA:138,1
DA:139,10
DA:140,2
DA:141,2
DA:142,2
DA:143,6
DA:144,1
DA:145,1
DA:146,3
DA:147,3
DA:150,1
DA:151,1
DA:152,1
DA:153,1
DA:154,1
DA:155,1
DA:156,1
LF:116
LH:116
BRDA:23,0,0,25
BRDA:30,1,0,12
BRDA:51,2,0,1
BRDA:61,3,0,5
BRDA:63,4,0,1
BRDA:66,5,0,4
BRDA:76,6,0,3
BRDA:77,7,0,6
BRDA:78,8,0,1
BRDA:79,9,0,4
BRDA:80,10,0,3
BRDA:83,11,0,1
BRDA:85,12,0,4
BRDA:87,13,0,7
BRDA:89,14,0,6
BRDA:91,15,0,1
BRDA:94,16,0,5
BRDA:109,17,0,4
BRDA:110,18,0,1
BRDA:113,19,0,3
BRDA:114,20,0,2
BRDA:115,21,0,1
BRDA:118,22,0,2
BRDA:121,23,0,4
BRDA:123,24,0,2
BRDA:126,25,0,0
BRDA:127,26,0,10
BRDA:129,27,0,5
BRDA:131,28,0,2
BRDA:131,29,0,3
BRDA:134,30,0,2
BRDA:135,31,0,2
BRDA:136,32,0,1
BRDA:139,33,0,2
BRDA:140,34,0,2
BRDA:143,35,0,1
BRDA:145,36,0,3
BRDA:147,37,0,1
BRDA:40,38,0,12
BRDA:55,39,0,6
BRF:40
BRH:39
end_of_record
TN:
SF:src/services/movieCatalogScope.ts
FN:6,collectAccessibleMovieIds
FN:42,collectAccessibleTmdbIds
FN:61,movieVisibilityWhere
FN:77,userCanAccessMovie
FNF:4
FNH:4
FNDA:8,collectAccessibleMovieIds
FNDA:2,collectAccessibleTmdbIds
FNDA:4,movieVisibilityWhere
FNDA:5,userCanAccessMovie
DA:2,1
DA:3,1
DA:6,8
DA:7,8
DA:8,8
DA:9,8
DA:10,8
DA:11,8
DA:12,8
DA:13,8
DA:14,8
DA:15,8
DA:16,8
DA:17,8
DA:18,8
DA:19,8
DA:20,8
DA:21,8
DA:22,8
DA:23,8
DA:24,8
DA:25,8
DA:26,8
DA:27,8
DA:28,8
DA:30,8
DA:32,8
DA:33,8
DA:34,7
DA:35,7
DA:36,8
DA:37,8
DA:38,8
DA:39,8
DA:42,2
DA:43,2
DA:44,2
DA:46,1
DA:47,1
DA:48,1
DA:49,1
DA:51,1
DA:52,1
DA:53,1
DA:54,1
DA:55,1
DA:56,1
DA:57,1
DA:58,1
DA:61,4
DA:62,4
DA:63,4
DA:64,4
DA:65,4
DA:66,4
DA:68,4
DA:69,2
DA:70,1
DA:71,1
DA:73,2
DA:74,4
DA:75,4
DA:77,5
DA:78,5
DA:79,5
DA:80,5
DA:81,5
DA:82,5
DA:84,5
DA:85,2
DA:86,2
DA:87,2
LF:72
LH:72
BRDA:6,0,0,8
BRDA:33,1,0,7
BRDA:34,2,0,6
BRDA:36,3,0,2
BRDA:37,4,0,1
BRDA:30,5,0,1
BRDA:38,6,0,9
BRDA:42,7,0,2
BRDA:44,8,0,1
BRDA:54,9,0,3
BRDA:55,10,0,3
BRDA:61,11,0,4
BRDA:68,12,0,2
BRDA:69,13,0,1
BRDA:74,14,0,1
BRDA:74,15,0,1
BRDA:66,16,0,1
BRDA:77,17,0,5
BRDA:82,18,0,2
BRDA:82,19,0,3
BRDA:84,20,0,1
BRDA:84,21,0,2
BRF:22
BRH:22
end_of_record
TN:
SF:src/services/movieImportOmdb.ts
FN:5,parseReleaseYear
FN:15,parseRuntimeMinutes
FN:21,splitCsv
FN:29,findOrCreatePerson
FN:39,importMovieFromOmdb
FNF:5
FNH:5
FNDA:4,parseReleaseYear
FNDA:3,parseRuntimeMinutes
FNDA:9,splitCsv
FNDA:6,findOrCreatePerson
FNDA:5,importMovieFromOmdb
DA:1,1
DA:2,1
DA:3,1
DA:5,4
DA:6,4
DA:7,4
DA:8,1
DA:9,1
DA:10,1
DA:11,1
DA:12,3
DA:13,3
DA:15,3
DA:16,3
DA:17,2
DA:18,3
DA:19,3
DA:21,9
DA:22,9
DA:23,6
DA:24,6
DA:25,6
DA:26,6
DA:27,6
DA:29,6
DA:30,6
DA:31,6
DA:32,6
DA:33,6
DA:34,6
DA:35,6
DA:36,6
DA:37,6
DA:39,5
DA:50,5
DA:51,5
DA:52,5
DA:53,1
DA:54,1
DA:55,1
DA:56,1
DA:58,4
DA:59,4
DA:60,4
DA:62,4
DA:63,3
DA:65,3
DA:66,3
DA:67,3
DA:68,3
DA:69,3
DA:70,3
DA:71,3
DA:72,3
DA:73,3
DA:74,3
DA:75,3
DA:76,3
DA:77,3
DA:78,3
DA:79,3
DA:80,3
DA:81,3
DA:82,3
DA:84,3
DA:85,3
DA:86,4
DA:87,4
DA:88,4
DA:89,4
DA:90,4
DA:91,4
DA:92,4
DA:93,4
DA:94,4
DA:96,3
DA:97,3
DA:98,3
DA:99,2
DA:100,2
DA:101,2
DA:102,2
DA:103,2
DA:104,2
DA:105,2
DA:106,2
DA:108,3
DA:109,3
DA:110,3
DA:111,4
DA:112,4
DA:113,4
DA:114,4
DA:115,4
DA:116,4
DA:117,4
DA:118,4
DA:119,4
DA:120,4
DA:121,4
DA:122,4
DA:124,3
DA:125,2
DA:126,2
DA:127,2
DA:128,2
DA:129,2
DA:130,2
DA:131,2
DA:132,2
DA:133,2
DA:134,2
DA:135,2
DA:136,2
DA:137,2
DA:138,2
DA:139,2
DA:140,2
DA:141,2
DA:142,3
DA:143,1
DA:144,1
DA:145,1
DA:146,1
DA:148,3
DA:149,2
DA:150,2
DA:151,2
DA:152,2
DA:153,2
DA:154,2
DA:155,2
DA:156,2
DA:157,2
DA:158,2
DA:159,2
DA:160,2
DA:161,2
DA:162,2
DA:163,2
DA:164,2
DA:165,2
DA:166,3
DA:167,1
DA:168,1
DA:169,1
DA:170,1
DA:172,3
DA:173,3
DA:174,3
DA:175,3
DA:176,3
DA:177,3
DA:178,3
DA:179,3
DA:180,3
DA:181,3
DA:182,3
DA:183,3
DA:184,4
DA:185,4
LF:161
LH:161
BRDA:5,0,0,4
BRDA:7,1,0,1
BRDA:11,2,0,3
BRDA:15,3,0,3
BRDA:16,4,0,1
BRDA:16,5,0,2
BRDA:18,6,0,0
BRDA:21,7,0,9
BRDA:22,8,0,3
BRDA:22,9,0,6
BRDA:25,10,0,10
BRDA:29,11,0,6
BRDA:31,12,0,0
BRDA:35,13,0,0
BRDA:39,14,0,5
BRDA:52,15,0,1
BRDA:56,16,0,4
BRDA:62,17,0,3
BRDA:85,18,0,4
BRDA:98,19,0,2
BRDA:110,20,0,4
BRDA:124,21,0,2
BRDA:142,22,0,1
BRDA:148,23,0,2
BRDA:166,24,0,1
BRF:25
BRH:22
end_of_record
TN:
SF:src/services/movieImportQueue.ts
FN:8,scheduleMovieImportEnrichment
FN:15,drain
FN:36,resetMovieImportQueueForTests
FNF:3
FNH:3
FNDA:6,scheduleMovieImportEnrichment
FNDA:5,drain
FNDA:8,resetMovieImportQueueForTests
DA:1,1
DA:3,1
DA:4,1
DA:5,1
DA:8,1
DA:9,6
DA:10,5
DA:11,5
DA:12,5
DA:13,5
DA:15,5
DA:16,5
DA:17,4
DA:18,4
DA:19,5
DA:20,5
DA:21,5
DA:22,5
DA:23,5
DA:24,1
DA:25,5
DA:26,5
DA:27,5
DA:28,5
DA:29,5
DA:30,4
DA:31,4
DA:32,4
DA:33,5
DA:36,1
DA:37,8
DA:38,8
DA:39,8
DA:40,8
LF:34
LH:34
BRDA:8,0,0,6
BRDA:9,1,0,1
BRDA:9,2,0,5
BRDA:15,3,0,5
BRDA:16,4,0,1
BRDA:16,5,0,4
BRDA:22,6,0,4
BRDA:23,7,0,1
BRDA:29,8,0,4
BRDA:31,9,0,0
BRDA:36,10,0,8
BRF:11
BRH:10
end_of_record
TN:
SF:src/services/movieImportTmdb.ts
FN:32,assertValidTmdbId
FN:40,findOrCreatePersonId
FN:51,resolvePersonIdMap
FN:62,personIdFromMap
FN:68,upsertMovieGenres
FN:82,upsertTmdbRating
FN:109,upsertOmdbRatings
FN:151,findExistingMovie
FN:156,upsertMovieCore
FN:200,loadMovieResult
FN:217,quickImportMovieFromTmdb
FN:221,__vite_ssr_import_1__.prisma.$transaction.timeout
FN:232,enrichMovieFromTmdb
FN:255,__vite_ssr_import_1__.prisma.$transaction.timeout
FN:293,importMovieFromTmdb
FNF:15
FNH:15
FNDA:5,assertValidTmdbId
FNDA:2,findOrCreatePersonId
FNDA:2,resolvePersonIdMap
FNDA:2,personIdFromMap
FNDA:4,upsertMovieGenres
FNDA:4,upsertTmdbRating
FNDA:2,upsertOmdbRatings
FNDA:4,findExistingMovie
FNDA:4,upsertMovieCore
FNDA:4,loadMovieResult
FNDA:3,quickImportMovieFromTmdb
FNDA:2,__vite_ssr_import_1__.prisma.$transaction.timeout
FNDA:2,enrichMovieFromTmdb
FNDA:2,__vite_ssr_import_1__.prisma.$transaction.timeout
FNDA:3,importMovieFromTmdb
DA:2,1
DA:3,1
DA:4,1
DA:5,1
DA:8,1
DA:9,1
DA:32,5
DA:33,5
DA:34,1
DA:35,1
DA:36,1
DA:37,1
DA:38,5
DA:40,2
DA:41,2
DA:42,2
DA:43,2
DA:44,2
DA:45,2
DA:46,2
DA:47,2
DA:48,2
DA:49,2
DA:51,2
DA:52,2
DA:53,2
DA:54,2
DA:55,2
DA:56,2
DA:57,2
DA:58,2
DA:59,2
DA:60,2
DA:62,2
DA:63,2
DA:64,2
DA:65,2
DA:66,2
DA:68,4
DA:69,4
DA:70,4
DA:71,2
DA:72,2
DA:73,2
DA:74,2
DA:75,2
DA:76,2
DA:77,2
DA:78,2
DA:79,2
DA:80,4
DA:82,4
DA:83,4
DA:84,2
DA:85,2
DA:86,2
DA:87,2
DA:88,2
DA:89,2
DA:90,2
DA:91,2
DA:92,2
DA:93,2
DA:94,2
DA:95,2
DA:96,2
DA:97,2
DA:98,2
DA:99,2
DA:100,2
DA:101,2
DA:102,2
DA:103,2
DA:104,2
DA:105,2
DA:106,2
DA:107,4
DA:109,2
DA:110,2
DA:111,1
DA:112,1
DA:113,1
DA:114,1
DA:115,1
DA:116,1
DA:117,1
DA:118,1
DA:119,1
DA:120,1
DA:121,1
DA:122,1
DA:123,1
DA:124,1
DA:125,1
DA:126,1
DA:127,1
DA:128,1
DA:130,2
DA:131,1
DA:132,1
DA:133,1
DA:134,1
DA:135,1
DA:136,1
DA:137,1
DA:138,1
DA:139,1
DA:140,1
DA:141,1
DA:142,1
DA:143,1
DA:144,1
DA:145,1
DA:146,1
DA:147,1
DA:148,1
DA:149,2
DA:151,4
DA:152,4
DA:153,4
DA:154,4
DA:156,4
DA:157,4
DA:158,4
DA:159,4
DA:160,4
DA:161,4
DA:163,4
DA:165,4
DA:166,3
DA:167,3
DA:168,3
DA:169,3
DA:170,3
DA:171,3
DA:172,3
DA:173,3
DA:174,3
DA:175,3
DA:176,3
DA:177,3
DA:178,3
DA:179,4
DA:180,1
DA:181,1
DA:182,1
DA:183,1
DA:184,1
DA:185,1
DA:186,1
DA:187,1
DA:188,1
DA:189,1
DA:190,1
DA:191,1
DA:192,1
DA:194,4
DA:195,4
DA:197,4
DA:198,4
DA:200,4
DA:201,4
DA:202,4
DA:203,4
DA:204,4
DA:205,4
DA:206,4
DA:207,4
DA:208,4
DA:209,4
DA:210,4
DA:211,4
DA:212,4
DA:213,4
DA:214,4
DA:217,3
DA:218,3
DA:219,3
DA:221,2
DA:222,2
DA:223,2
DA:225,2
DA:226,2
DA:227,2
DA:228,2
DA:229,2
DA:232,2
DA:233,2
DA:234,2
DA:236,2
DA:237,2
DA:238,1
DA:239,1
DA:240,1
DA:241,1
DA:242,1
DA:243,1
DA:244,1
DA:245,0
DA:246,0
DA:247,1
DA:249,2
DA:250,2
DA:251,2
DA:252,2
DA:254,2
DA:255,2
DA:256,2
DA:258,2
DA:259,2
DA:260,2
DA:261,1
DA:262,1
DA:263,1
DA:264,1
DA:265,1
DA:266,1
DA:267,1
DA:268,1
DA:270,2
DA:271,2
DA:272,2
DA:273,1
DA:274,1
DA:275,1
DA:276,1
DA:277,1
DA:278,1
DA:279,1
DA:280,1
DA:281,1
DA:282,1
DA:283,1
DA:284,1
DA:286,2
DA:287,2
DA:288,2
DA:289,2
DA:290,2
DA:293,3
DA:294,3
DA:295,2
DA:296,2
DA:297,2
DA:298,2
DA:299,2
DA:300,2
LF:247
LH:245
BRDA:32,0,0,5
BRDA:33,1,0,4
BRDA:33,2,0,1
BRDA:40,3,0,2
BRDA:42,4,0,0
BRDA:46,5,0,0
BRDA:51,6,0,2
BRDA:52,7,0,2
BRDA:54,8,0,2
BRDA:56,9,0,0
BRDA:59,10,0,2
BRDA:62,11,0,2
BRDA:64,12,0,0
BRDA:65,13,0,0
BRDA:68,14,0,4
BRDA:70,15,0,2
BRDA:82,16,0,4
BRDA:83,17,0,2
BRDA:109,18,0,2
BRDA:110,19,0,1
BRDA:110,20,0,1
BRDA:130,21,0,1
BRDA:130,22,0,1
BRDA:151,23,0,4
BRDA:153,24,0,1
BRDA:153,25,0,0
BRDA:156,26,0,4
BRDA:165,27,0,3
BRDA:175,28,0,1
BRDA:175,29,0,2
BRDA:179,30,0,1
BRDA:200,31,0,4
BRDA:217,32,0,3
BRDA:219,33,0,2
BRDA:221,34,0,2
BRDA:232,35,0,2
BRDA:237,36,0,1
BRDA:244,37,0,0
BRDA:251,38,0,1
BRDA:255,39,0,2
BRDA:260,40,0,1
BRDA:272,41,0,1
BRDA:293,42,0,3
BRDA:294,43,0,2
BRF:44
BRH:37
end_of_record
TN:
SF:src/services/omdb.ts
FN:5,requireOmdbApiKey
FN:36,omdbSearch
FN:124,parseRottenTomatoesPercent
FN:136,omdbGetByImdbId
FNF:4
FNH:4
FNDA:11,requireOmdbApiKey
FNDA:7,omdbSearch
FNDA:2,parseRottenTomatoesPercent
FNDA:4,omdbGetByImdbId
DA:1,1
DA:3,1
DA:5,11
DA:6,11
DA:7,11
DA:8,1
DA:9,1
DA:10,1
DA:11,1
DA:12,10
DA:13,10
DA:15,1
DA:16,1
DA:17,1
DA:18,1
DA:19,1
DA:20,1
DA:21,1
DA:22,1
DA:23,1
DA:24,1
DA:25,1
DA:26,1
DA:27,1
DA:29,1
DA:30,1
DA:31,1
DA:32,1
DA:34,1
DA:36,7
DA:46,7
DA:47,7
DA:48,7
DA:49,7
DA:50,7
DA:51,7
DA:53,7
DA:54,7
DA:55,1
DA:56,1
DA:57,1
DA:58,1
DA:60,5
DA:61,5
DA:62,7
DA:63,1
DA:64,1
DA:65,1
DA:66,1
DA:68,4
DA:69,7
DA:70,2
DA:71,2
DA:72,1
DA:73,1
DA:74,1
DA:75,1
DA:76,1
DA:77,1
DA:79,7
DA:81,7
DA:82,7
DA:83,7
DA:84,7
DA:85,3
DA:86,3
DA:87,3
DA:88,3
DA:89,3
DA:90,7
DA:91,7
DA:92,7
DA:94,1
DA:95,1
DA:96,1
DA:97,1
DA:98,1
DA:99,1
DA:100,1
DA:101,1
DA:102,1
DA:103,1
DA:104,1
DA:105,1
DA:106,1
DA:107,1
DA:108,1
DA:109,1
DA:110,1
DA:111,1
DA:112,1
DA:113,1
DA:114,1
DA:115,1
DA:117,1
DA:118,1
DA:119,1
DA:120,1
DA:122,1
DA:124,2
DA:125,2
DA:126,2
DA:127,2
DA:128,2
DA:129,2
DA:130,2
DA:131,2
DA:132,1
DA:133,2
DA:134,2
DA:136,4
DA:149,4
DA:150,4
DA:151,4
DA:152,4
DA:153,4
DA:154,4
DA:155,4
DA:157,4
DA:158,4
DA:159,1
DA:160,1
DA:161,1
DA:162,1
DA:164,3
DA:165,3
DA:166,4
DA:167,0
DA:168,0
DA:169,0
DA:170,0
DA:172,3
DA:173,4
DA:174,1
DA:175,1
DA:176,1
DA:177,1
DA:179,2
DA:180,2
DA:181,4
DA:183,4
DA:185,4
DA:186,4
DA:187,4
DA:188,4
DA:189,4
DA:190,4
DA:191,4
DA:192,4
DA:193,4
DA:194,4
DA:195,4
DA:196,4
DA:197,4
DA:198,4
DA:199,4
LF:156
LH:152
BRDA:5,0,0,11
BRDA:6,1,0,10
BRDA:7,2,0,1
BRDA:11,3,0,10
BRDA:36,4,0,7
BRDA:53,5,0,6
BRDA:54,6,0,1
BRDA:58,7,0,5
BRDA:62,8,0,1
BRDA:66,9,0,4
BRDA:69,10,0,2
BRDA:71,11,0,1
BRDA:71,12,0,1
BRDA:79,13,0,1
BRDA:84,14,0,3
BRDA:89,15,0,2
BRDA:89,16,0,1
BRDA:124,17,0,2
BRDA:127,18,0,0
BRDA:129,19,0,0
BRDA:131,20,0,1
BRDA:133,21,0,0
BRDA:128,22,0,2
BRDA:136,23,0,4
BRDA:158,24,0,1
BRDA:162,25,0,3
BRDA:166,26,0,0
BRDA:170,27,0,3
BRDA:173,28,0,1
BRDA:177,29,0,2
BRDA:181,30,0,2
BRDA:181,31,0,1
BRDA:181,32,0,1
BRDA:190,33,0,1
BRDA:190,34,0,2
BRDA:190,35,0,0
BRDA:191,36,0,1
BRDA:191,37,0,1
BRDA:191,38,0,1
BRDA:192,39,0,1
BRDA:192,40,0,1
BRDA:192,41,0,1
BRDA:193,42,0,1
BRDA:193,43,0,1
BRDA:193,44,0,1
BRDA:196,45,0,1
BRDA:196,46,0,1
BRDA:196,47,0,1
BRDA:197,48,0,1
BRDA:197,49,0,1
BRDA:197,50,0,1
BRF:51
BRH:46
end_of_record
TN:
SF:src/services/recommendationResolve.ts
FN:19,rowKey
FN:24,candidateTmdbConfidence
FN:49,resolveTitleToTmdbBest
FN:74,enrichSuggestionRaw
FN:87,buildInitialMessages
FN:109,describeAcceptedForPrompt
FN:113,describeFailedForPrompt
FN:119,buildReplacementMessages
FN:150,runLiveRecommendationsWithTmdbRetry
FN:190,tryIngestSuggestion
FN:290,hydrateNlSearchMatches
FN:319,enrichNlSearchMatch
FNF:12
FNH:12
FNDA:115,rowKey
FNDA:42,candidateTmdbConfidence
FNDA:122,resolveTitleToTmdbBest
FNDA:109,enrichSuggestionRaw
FNDA:9,buildInitialMessages
FNDA:9,describeAcceptedForPrompt
FNDA:9,describeFailedForPrompt
FNDA:9,buildReplacementMessages
FNDA:9,runLiveRecommendationsWithTmdbRetry
FNDA:115,tryIngestSuggestion
FNDA:2,hydrateNlSearchMatches
FNDA:2,enrichNlSearchMatch
DA:1,1
DA:2,1
DA:12,1
DA:13,1
DA:14,1
DA:15,1
DA:19,115
DA:20,115
DA:21,115
DA:22,115
DA:24,42
DA:25,42
DA:26,42
DA:27,42
DA:29,42
DA:30,21
DA:31,19
DA:32,19
DA:34,42
DA:35,42
DA:36,42
DA:37,42
DA:38,14
DA:39,13
DA:40,12
DA:41,42
DA:43,42
DA:44,42
DA:49,122
DA:50,122
DA:51,122
DA:52,122
DA:54,121
DA:55,121
DA:56,122
DA:58,38
DA:59,122
DA:60,42
DA:61,42
DA:62,42
DA:63,122
DA:66,122
DA:68,2
DA:69,122
DA:70,1
DA:71,1
DA:72,122
DA:74,109
DA:75,109
DA:76,109
DA:78,16
DA:79,16
DA:80,109
DA:81,109
DA:82,109
DA:83,109
DA:84,109
DA:85,109
DA:87,9
DA:88,9
DA:92,9
DA:104,9
DA:106,9
DA:107,9
DA:109,9
DA:110,9
DA:111,9
DA:113,9
DA:114,9
DA:115,9
DA:116,9
DA:117,9
DA:119,9
DA:124,9
DA:125,9
DA:126,9
DA:128,9
DA:138,9
DA:139,9
DA:140,9
DA:141,9
DA:142,9
DA:144,9
DA:145,9
DA:150,9
DA:151,9
DA:154,9
DA:155,9
DA:156,9
DA:158,9
DA:159,9
DA:160,9
DA:162,9
DA:163,9
DA:164,1
DA:165,8
DA:167,9
DA:169,9
DA:171,9
DA:174,8
DA:177,8
DA:180,8
DA:182,8
DA:183,8
DA:185,8
DA:190,8
DA:191,115
DA:194,115
DA:195,109
DA:197,109
DA:198,115
DA:200,16
DA:201,16
DA:202,16
DA:203,0
DA:205,115
DA:206,16
DA:208,16
DA:210,16
DA:211,115
DA:213,9
DA:214,12
DA:215,115
DA:216,115
DA:218,115
DA:219,115
DA:220,93
DA:221,93
DA:222,115
DA:223,115
DA:224,115
DA:225,22
DA:226,115
DA:227,115
DA:229,12
DA:232,12
DA:234,12
DA:236,0
DA:237,0
DA:239,12
DA:240,1
DA:241,1
DA:242,1
DA:244,9
DA:245,9
DA:246,9
DA:248,9
DA:249,9
DA:251,9
DA:252,9
DA:253,9
DA:254,9
DA:255,9
DA:256,9
DA:257,9
DA:258,9
DA:259,9
DA:260,6
DA:261,6
DA:262,12
DA:263,4
DA:264,4
DA:265,4
DA:266,4
DA:267,4
DA:269,12
DA:270,1
DA:271,1
DA:272,1
DA:274,4
DA:275,4
DA:278,12
DA:280,9
DA:281,9
DA:283,9
DA:284,9
DA:285,9
DA:286,9
DA:287,9
DA:290,2
DA:291,2
DA:301,2
DA:302,2
DA:309,2
DA:311,2
DA:312,2
DA:313,2
DA:314,2
DA:316,2
DA:317,2
DA:319,2
DA:331,2
DA:332,2
DA:333,2
DA:334,1
DA:335,1
DA:336,1
DA:337,1
DA:338,1
DA:339,1
DA:340,1
DA:341,1
DA:342,1
DA:344,1
DA:345,1
DA:346,1
DA:347,1
DA:348,1
DA:349,1
DA:350,1
DA:351,1
DA:352,1
LF:212
LH:209
BRDA:19,0,0,115
BRDA:20,1,0,0
BRDA:24,2,0,42
BRDA:29,3,0,21
BRDA:30,4,0,19
BRDA:30,5,0,2
BRDA:30,6,0,19
BRDA:31,7,0,0
BRDA:32,8,0,0
BRDA:34,9,0,0
BRDA:37,10,0,28
BRDA:37,11,0,14
BRDA:38,12,0,1
BRDA:38,13,0,13
BRDA:39,14,0,1
BRDA:39,15,0,12
BRDA:49,16,0,122
BRDA:50,17,0,119
BRDA:50,18,0,119
BRDA:50,19,0,3
BRDA:51,20,0,1
BRDA:51,21,0,121
BRDA:52,22,0,1
BRDA:52,23,0,121
BRDA:55,24,0,120
BRDA:56,25,0,82
BRDA:56,26,0,38
BRDA:59,27,0,42
BRDA:61,28,0,4
BRDA:61,29,0,40
BRDA:62,30,0,38
BRDA:63,31,0,17
BRDA:63,32,0,21
BRDA:66,33,0,19
BRDA:66,34,0,19
BRDA:66,35,0,2
BRDA:69,36,0,1
BRDA:74,37,0,109
BRDA:76,38,0,93
BRDA:76,39,0,16
BRDA:80,40,0,0
BRDA:80,41,0,0
BRDA:87,42,0,9
BRDA:109,43,0,9
BRDA:110,44,0,2
BRDA:110,45,0,0
BRDA:113,46,0,9
BRDA:115,47,0,82
BRDA:115,48,0,0
BRDA:119,49,0,9
BRDA:141,50,0,7
BRDA:150,51,0,9
BRDA:163,52,0,1
BRDA:164,53,0,8
BRDA:171,54,0,1
BRDA:171,55,0,8
BRDA:213,56,0,12
BRDA:213,57,0,12
BRDA:214,58,0,116
BRDA:214,59,0,115
BRDA:219,60,0,93
BRDA:222,61,0,6
BRDA:223,62,0,22
BRDA:224,63,0,22
BRDA:229,64,0,2
BRDA:229,65,0,10
BRDA:232,66,0,0
BRDA:232,67,0,10
BRDA:234,68,0,0
BRDA:237,69,0,10
BRDA:239,70,0,1
BRDA:242,71,0,9
BRDA:259,72,0,6
BRDA:262,73,0,4
BRDA:267,74,0,5
BRDA:269,75,0,1
BRDA:272,76,0,4
BRDA:280,77,0,0
BRDA:285,78,0,0
BRDA:190,79,0,115
BRDA:194,80,0,6
BRDA:194,81,0,109
BRDA:198,82,0,93
BRDA:198,83,0,16
BRDA:202,84,0,0
BRDA:205,85,0,0
BRDA:205,86,0,16
BRDA:265,87,0,27
BRDA:270,88,0,11
BRDA:290,89,0,2
BRDA:313,90,0,1
BRDA:319,91,0,2
BRDA:333,92,0,1
BRDA:336,93,0,0
BRF:94
BRH:79
end_of_record
TN:
SF:src/services/tmdb.ts
FN:5,assertTmdbConfigured
FN:17,tmdbFetchJson
FN:48,tmdbPosterUrl
FN:76,mapDiscoverRows
FN:93,discoverPayloadFrom
FN:107,tmdbSearchMovies
FN:123,tmdbTrendingMovies
FN:137,tmdbMovieBrowseList
FN:150,tmdbAccumulatePaged
FN:199,tmdbTrendingForUiPage
FN:204,fetchBatch
FN:216,tmdbSearchForUiPage
FN:221,fetchBatch
FN:248,ensureTmdbGenreList
FN:256,tmdbGenreIdByName
FN:262,tmdbMovieGenreNames
FN:267,tmdbPersonIdByName
FN:282,tmdbDiscoverMovies
FN:300,emptyUiPage
FN:311,tmdbBrowseForUiPage
FN:344,fetchBatch
FN:400,parseReleaseYearFromTmdb
FN:416,normalizeExternalImdbId
FN:424,parseTmdbMovieQuickFields
FN:448,tmdbFetchMovieQuickPayload
FN:456,tmdbFetchMovieImportPayload
FNF:26
FNH:26
FNDA:296,assertTmdbConfigured
FNDA:296,tmdbFetchJson
FNDA:331,tmdbPosterUrl
FNDA:284,mapDiscoverRows
FNDA:284,discoverPayloadFrom
FNDA:86,tmdbSearchMovies
FNDA:80,tmdbTrendingMovies
FNDA:1,tmdbMovieBrowseList
FNDA:7,tmdbAccumulatePaged
FNDA:2,tmdbTrendingForUiPage
FNDA:80,fetchBatch
FNDA:2,tmdbSearchForUiPage
FNDA:80,fetchBatch
FNDA:4,ensureTmdbGenreList
FNDA:3,tmdbGenreIdByName
FNDA:1,tmdbMovieGenreNames
FNDA:3,tmdbPersonIdByName
FNDA:120,tmdbDiscoverMovies
FNDA:2,emptyUiPage
FNDA:7,tmdbBrowseForUiPage
FNDA:120,fetchBatch
FNDA:5,parseReleaseYearFromTmdb
FNDA:5,normalizeExternalImdbId
FNDA:5,parseTmdbMovieQuickFields
FNDA:2,tmdbFetchMovieQuickPayload
FNDA:3,tmdbFetchMovieImportPayload
DA:1,1
DA:2,1
DA:5,296
DA:6,296
DA:7,296
DA:8,296
DA:9,1
DA:10,1
DA:11,1
DA:12,1
DA:13,1
DA:14,1
DA:15,296
DA:17,296
DA:18,296
DA:19,296
DA:20,296
DA:22,296
DA:23,296
DA:24,294
DA:25,294
DA:26,294
DA:27,295
DA:28,295
DA:29,1163
DA:30,1163
DA:31,295
DA:32,296
DA:33,295
DA:34,296
DA:35,1
DA:36,1
DA:37,1
DA:38,1
DA:39,294
DA:40,294
DA:41,296
DA:42,1
DA:43,1
DA:44,1
DA:45,1
DA:46,296
DA:48,1
DA:49,331
DA:50,331
DA:51,331
DA:76,284
DA:77,284
DA:78,284
DA:79,284
DA:80,324
DA:81,324
DA:82,324
DA:83,324
DA:84,324
DA:85,324
DA:86,324
DA:87,324
DA:88,324
DA:89,324
DA:90,284
DA:91,284
DA:93,284
DA:98,284
DA:99,284
DA:100,284
DA:101,284
DA:102,284
DA:103,284
DA:104,284
DA:105,284
DA:107,86
DA:112,86
DA:113,86
DA:114,86
DA:115,86
DA:116,86
DA:117,86
DA:118,86
DA:119,83
DA:120,83
DA:123,80
DA:128,80
DA:129,80
DA:130,80
DA:131,80
DA:132,80
DA:133,80
DA:134,80
DA:137,1
DA:138,1
DA:139,1
DA:140,1
DA:141,1
DA:142,1
DA:143,1
DA:144,1
DA:145,1
DA:146,1
DA:147,1
DA:150,7
DA:151,7
DA:152,7
DA:153,7
DA:154,7
DA:155,7
DA:156,7
DA:157,7
DA:158,7
DA:160,7
DA:161,7
DA:163,7
DA:164,7
DA:165,7
DA:167,7
DA:168,7
DA:169,7
DA:170,7
DA:171,7
DA:172,280
DA:173,280
DA:174,7
DA:175,7
DA:176,7
DA:177,7
DA:178,280
DA:179,280
DA:180,7
DA:181,7
DA:182,7
DA:183,280
DA:184,280
DA:186,7
DA:187,7
DA:189,7
DA:190,7
DA:191,7
DA:192,7
DA:193,7
DA:194,7
DA:195,7
DA:196,7
DA:199,2
DA:200,2
DA:201,2
DA:202,2
DA:203,2
DA:204,2
DA:205,80
DA:206,80
DA:207,80
DA:208,80
DA:209,80
DA:210,80
DA:211,80
DA:212,2
DA:213,2
DA:216,2
DA:217,2
DA:218,2
DA:219,2
DA:220,2
DA:221,2
DA:222,80
DA:223,80
DA:224,80
DA:225,80
DA:226,80
DA:227,80
DA:228,80
DA:229,2
DA:230,2
DA:246,1
DA:248,4
DA:249,4
DA:250,1
DA:251,1
DA:252,1
DA:253,4
DA:254,4
DA:256,3
DA:257,3
DA:258,3
DA:259,3
DA:260,3
DA:262,1
DA:263,1
DA:264,1
DA:265,1
DA:267,3
DA:268,3
DA:269,3
DA:270,3
DA:271,3
DA:272,3
DA:273,3
DA:274,3
DA:275,2
DA:276,2
DA:277,2
DA:278,2
DA:279,3
DA:280,3
DA:282,120
DA:283,120
DA:284,120
DA:285,120
DA:286,120
DA:287,120
DA:288,120
DA:289,120
DA:290,120
DA:291,120
DA:292,120
DA:293,120
DA:294,120
DA:296,120
DA:297,120
DA:298,120
DA:300,2
DA:301,2
DA:302,2
DA:303,2
DA:304,2
DA:305,2
DA:306,2
DA:307,2
DA:308,2
DA:311,7
DA:318,7
DA:319,7
DA:320,7
DA:321,7
DA:322,7
DA:323,7
DA:324,7
DA:326,7
DA:327,1
DA:328,1
DA:330,7
DA:331,1
DA:332,1
DA:334,5
DA:335,7
DA:336,7
DA:337,7
DA:338,7
DA:340,7
DA:341,7
DA:342,7
DA:344,3
DA:345,120
DA:346,120
DA:347,120
DA:348,120
DA:349,120
DA:350,120
DA:351,120
DA:352,40
DA:353,40
DA:354,40
DA:355,120
DA:356,120
DA:357,120
DA:358,120
DA:359,120
DA:360,120
DA:362,3
DA:363,3
DA:400,5
DA:401,5
DA:402,5
DA:403,1
DA:404,1
DA:405,1
DA:406,1
DA:407,4
DA:408,5
DA:409,1
DA:410,1
DA:411,1
DA:412,1
DA:413,3
DA:414,3
DA:416,5
DA:417,5
DA:418,2
DA:419,5
DA:420,5
DA:421,5
DA:422,5
DA:424,5
DA:425,5
DA:426,5
DA:427,5
DA:428,5
DA:429,5
DA:430,5
DA:431,5
DA:432,5
DA:434,5
DA:435,5
DA:436,5
DA:437,5
DA:438,5
DA:439,5
DA:440,5
DA:441,5
DA:442,5
DA:443,5
DA:444,5
DA:445,5
DA:448,2
DA:449,2
DA:450,2
DA:451,2
DA:452,2
DA:453,2
DA:454,2
DA:456,3
DA:457,3
DA:458,3
DA:459,3
DA:460,3
DA:462,3
DA:464,3
DA:465,3
DA:466,3
DA:467,3
DA:469,3
DA:471,3
DA:472,3
DA:473,3
DA:474,3
DA:475,3
DA:476,1
DA:477,1
DA:478,3
DA:480,3
DA:481,3
DA:482,3
DA:483,3
DA:484,3
DA:485,3
LF:344
LH:344
BRDA:5,0,0,296
BRDA:6,1,0,1
BRDA:7,2,0,294
BRDA:8,3,0,295
BRDA:8,4,0,1
BRDA:17,5,0,296
BRDA:19,6,0,1
BRDA:20,7,0,1
BRDA:20,8,0,294
BRDA:23,9,0,294
BRDA:26,10,0,295
BRDA:28,11,0,1163
BRDA:32,12,0,1
BRDA:32,13,0,294
BRDA:32,14,0,295
BRDA:34,15,0,1
BRDA:36,16,0,0
BRDA:38,17,0,294
BRDA:41,18,0,1
BRDA:48,19,0,331
BRDA:49,20,0,84
BRDA:49,21,0,247
BRDA:50,22,0,246
BRDA:50,23,0,1
BRDA:76,24,0,284
BRDA:78,25,0,324
BRDA:79,26,0,324
BRDA:81,27,0,323
BRDA:81,28,0,1
BRDA:84,29,0,1
BRDA:88,30,0,323
BRDA:88,31,0,323
BRDA:88,32,0,1
BRDA:93,33,0,284
BRDA:107,34,0,86
BRDA:118,35,0,83
BRDA:123,36,0,80
BRDA:137,37,0,1
BRDA:150,38,0,7
BRDA:169,39,0,287
BRDA:169,40,0,280
BRDA:171,41,0,280
BRDA:173,42,0,7
BRDA:179,43,0,273
BRDA:179,44,0,7
BRDA:182,45,0,0
BRDA:199,46,0,2
BRDA:204,47,0,80
BRDA:216,48,0,2
BRDA:221,49,0,80
BRDA:248,50,0,4
BRDA:249,51,0,3
BRDA:249,52,0,1
BRDA:253,53,0,0
BRDA:256,54,0,3
BRDA:259,55,0,2
BRDA:259,56,0,1
BRDA:258,57,0,4
BRDA:262,58,0,1
BRDA:264,59,0,2
BRDA:264,60,0,1
BRDA:267,61,0,3
BRDA:273,62,0,0
BRDA:274,63,0,1
BRDA:274,64,0,2
BRDA:278,65,0,0
BRDA:279,66,0,0
BRDA:276,67,0,2
BRDA:282,68,0,120
BRDA:292,69,0,80
BRDA:293,70,0,40
BRDA:294,71,0,40
BRDA:300,72,0,2
BRDA:311,73,0,7
BRDA:319,74,0,2
BRDA:319,75,0,5
BRDA:320,76,0,2
BRDA:320,77,0,5
BRDA:321,78,0,1
BRDA:321,79,0,6
BRDA:322,80,0,3
BRDA:322,81,0,4
BRDA:323,82,0,5
BRDA:323,83,0,4
BRDA:326,84,0,2
BRDA:326,85,0,1
BRDA:328,86,0,6
BRDA:330,87,0,1
BRDA:330,88,0,1
BRDA:332,89,0,5
BRDA:335,90,0,3
BRDA:335,91,0,2
BRDA:336,92,0,2
BRDA:336,93,0,3
BRDA:337,94,0,1
BRDA:337,95,0,4
BRDA:338,96,0,5
BRDA:340,97,0,3
BRDA:340,98,0,1
BRDA:340,99,0,4
BRDA:341,100,0,2
BRDA:341,101,0,1
BRDA:341,102,0,3
BRDA:342,103,0,1
BRDA:342,104,0,0
BRDA:342,105,0,3
BRDA:344,106,0,120
BRDA:346,107,0,40
BRDA:347,108,0,80
BRDA:348,109,0,80
BRDA:351,110,0,40
BRDA:357,111,0,40
BRDA:357,112,0,80
BRDA:353,113,0,80
BRDA:400,114,0,5
BRDA:401,115,0,4
BRDA:402,116,0,1
BRDA:406,117,0,4
BRDA:408,118,0,1
BRDA:412,119,0,3
BRDA:416,120,0,5
BRDA:417,121,0,2
BRDA:417,122,0,3
BRDA:417,123,0,2
BRDA:419,124,0,0
BRDA:419,125,0,2
BRDA:420,126,0,0
BRDA:421,127,0,2
BRDA:421,128,0,0
BRDA:424,129,0,5
BRDA:425,130,0,3
BRDA:426,131,0,1
BRDA:427,132,0,3
BRDA:427,133,0,0
BRDA:428,134,0,3
BRDA:428,135,0,2
BRDA:428,136,0,1
BRDA:430,137,0,3
BRDA:430,138,0,2
BRDA:430,139,0,1
BRDA:432,140,0,2
BRDA:432,141,0,2
BRDA:432,142,0,1
BRDA:437,143,0,3
BRDA:437,144,0,2
BRDA:437,145,0,1
BRDA:427,146,0,2
BRDA:448,147,0,2
BRDA:456,148,0,3
BRDA:465,149,0,1
BRDA:467,150,0,0
BRDA:472,151,0,1
BRDA:478,152,0,0
BRDA:466,153,0,1
BRDA:466,154,0,0
BRDA:467,155,0,1
BRDA:473,156,0,1
BRDA:473,157,0,0
BRDA:475,158,0,1
BRDA:477,159,0,0
BRF:160
BRH:144
end_of_record
