TN:
SF:src/components/ConfirmDialog.tsx
FN:5,RemoveFromCatalogCopy
FN:18,RemoveFromShelfCopy
FN:29,formatFilmQuotes
FN:49,ConfirmDialog
FN:65,onKey
FN:89,onClick
FN:95,onClick
FNF:7
FNH:6
FNDA:1,RemoveFromCatalogCopy
FNDA:1,RemoveFromShelfCopy
FNDA:2,formatFilmQuotes
FNDA:6,ConfirmDialog
FNDA:2,onKey
FNDA:0,onClick
FNDA:2,onClick
DA:1,1
DA:5,1
DA:6,1
DA:7,1
DA:8,1
DA:9,1
DA:10,1
DA:11,1
DA:13,1
DA:14,1
DA:16,1
DA:18,1
DA:19,1
DA:20,1
DA:21,1
DA:22,1
DA:23,1
DA:24,1
DA:25,1
DA:27,1
DA:29,2
DA:30,2
DA:31,2
DA:49,1
DA:50,6
DA:51,6
DA:52,6
DA:53,6
DA:54,6
DA:55,6
DA:56,6
DA:57,6
DA:58,6
DA:59,6
DA:60,6
DA:61,6
DA:63,6
DA:64,6
DA:65,5
DA:66,2
DA:67,2
DA:68,1
DA:69,1
DA:70,1
DA:71,1
DA:72,1
DA:73,1
DA:74,1
DA:75,2
DA:76,5
DA:77,5
DA:78,6
DA:80,6
DA:81,6
DA:82,5
DA:83,6
DA:85,6
DA:87,5
DA:88,5
DA:89,5
DA:90,5
DA:91,5
DA:92,5
DA:93,5
DA:94,5
DA:95,5
DA:97,5
DA:98,5
DA:99,5
DA:100,5
DA:101,5
DA:102,5
DA:103,5
DA:104,5
DA:105,5
DA:106,5
DA:107,5
DA:108,6
DA:109,6
DA:110,6
DA:112,6
DA:113,6
DA:114,6
DA:115,6
DA:116,6
DA:119,6
DA:120,6
LF:87
LH:87
BRDA:5,0,0,1
BRDA:18,1,0,1
BRDA:29,2,0,2
BRDA:49,3,0,6
BRDA:85,4,0,1
BRDA:85,5,0,5
BRDA:108,6,0,4
BRDA:108,7,0,1
BRDA:112,8,0,2
BRDA:112,9,0,3
BRDA:63,10,0,6
BRDA:64,11,0,1
BRDA:64,12,0,5
BRDA:65,13,0,2
BRDA:66,14,0,0
BRDA:67,15,0,1
BRDA:77,16,0,5
BRDA:80,17,0,6
BRDA:81,18,0,1
BRDA:81,19,0,5
BRDA:82,20,0,5
BRDA:82,21,0,4
BRDA:95,22,0,2
BRF:23
BRH:22
end_of_record
TN:
SF:src/lib/movieDisplay.ts
FN:4,getImdbScore
FN:10,getCatalogBadgeScore
FN:19,getRottenTomatoesPercent
FN:25,rtBadgeTier
FN:31,formatRuntimeMinutes
FN:40,imdbBadgeTier
FNF:6
FNH:6
FNDA:2,getImdbScore
FNDA:3,getCatalogBadgeScore
FNDA:3,getRottenTomatoesPercent
FNDA:3,rtBadgeTier
FNDA:5,formatRuntimeMinutes
FNDA:3,imdbBadgeTier
DA:4,1
DA:5,2
DA:6,2
DA:7,2
DA:10,1
DA:11,3
DA:12,3
DA:13,3
DA:14,3
DA:15,1
DA:16,1
DA:19,1
DA:20,3
DA:21,3
DA:22,1
DA:23,1
DA:25,1
DA:26,3
DA:27,3
DA:28,1
DA:29,1
DA:31,1
DA:32,5
DA:33,3
DA:34,3
DA:35,5
DA:36,5
DA:37,5
DA:40,1
DA:41,3
DA:42,3
DA:43,1
DA:44,1
LF:33
LH:33
BRDA:4,0,0,2
BRDA:5,1,0,1
BRDA:6,2,0,1
BRDA:6,3,0,1
BRDA:5,4,0,1
BRDA:10,5,0,3
BRDA:12,6,0,2
BRDA:12,7,0,1
BRDA:12,8,0,1
BRDA:12,9,0,2
BRDA:14,10,0,1
BRDA:14,11,0,1
BRDA:14,12,0,1
BRDA:11,13,0,3
BRDA:13,14,0,2
BRDA:19,15,0,3
BRDA:20,16,0,2
BRDA:21,17,0,2
BRDA:21,18,0,1
BRDA:21,19,0,2
BRDA:21,20,0,1
BRDA:20,21,0,2
BRDA:25,22,0,3
BRDA:26,23,0,1
BRDA:26,24,0,2
BRDA:27,25,0,1
BRDA:31,26,0,5
BRDA:32,27,0,4
BRDA:32,28,0,2
BRDA:32,29,0,3
BRDA:35,30,0,1
BRDA:35,31,0,2
BRDA:36,32,0,1
BRDA:36,33,0,1
BRDA:40,34,0,3
BRDA:41,35,0,1
BRDA:41,36,0,2
BRDA:42,37,0,1
BRF:38
BRH:38
end_of_record
